c:\users\zaku\desktop\ipca\estruturas de dados avançadas\projeto_f1_joãorego\projeto_f1_joãorego\x64\debug\vc143.pdb
c:\users\zaku\desktop\ipca\estruturas de dados avançadas\projeto_f1_joãorego\projeto_f1_joãorego\x64\debug\vc143.idb
c:\users\zaku\desktop\ipca\estruturas de dados avançadas\projeto_f1_joãorego\projeto_f1_joãorego\x64\debug\source.obj
w:\ipca\1_ano\2_semestre\estruturas_de_dados_avançadas\projeto_eda_edjd\projeto_f1_joãorego\x64\debug\vc143.pdb
w:\ipca\1_ano\2_semestre\estruturas_de_dados_avançadas\projeto_eda_edjd\projeto_f1_joãorego\x64\debug\vc143.idb
w:\ipca\1_ano\2_semestre\estruturas_de_dados_avançadas\projeto_eda_edjd\projeto_f1_joãorego\x64\debug\main.obj
w:\ipca\1_ano\2_semestre\estruturas_de_dados_avançadas\projeto_eda_edjd\projeto_f1_joãorego\x64\debug\gerente.obj
w:\ipca\1_ano\2_semestre\estruturas_de_dados_avançadas\projeto_eda_edjd\projeto_f1_joãorego\x64\debug\cliente.obj
c:\users\zaku\desktop\ipca\estruturas de dados avançadas\projeto_f1_joãorego\projeto_f1_joãorego\x64\debug\projeto_f1_joãorego.ilk
c:\users\zaku\desktop\ipca\estruturas de dados avançadas\projeto_f1_joãorego\x64\debug\projeto_f1_joãorego.exe
c:\users\zaku\desktop\ipca\estruturas de dados avançadas\projeto_f1_joãorego\x64\debug\projeto_f1_joãorego.pdb
w:\ipca\1_ano\2_semestre\estruturas_de_dados_avançadas\projeto_eda_edjd\projeto_f1_joãorego\x64\debug\source.obj
w:\ipca\1_ano\2_semestre\estruturas_de_dados_avançadas\projeto_eda_edjd\projeto_f1_joãorego\x64\debug\projeto_f1_joãorego.ilk
w:\ipca\1_ano\2_semestre\estruturas_de_dados_avançadas\projeto_eda_edjd\x64\debug\projeto_f1_joãorego.pdb
w:\ipca\1_ano\2_semestre\estruturas_de_dados_avançadas\projeto_eda_edjd\x64\debug\projeto_f1_joãorego.exe
w:\ipca\1_ano\2_semestre\estruturas_de_dados_avançadas\projeto_eda_edjd\projeto_f1_joãorego\x64\debug\projeto_.10ec5d2d.tlog\cl.command.1.tlog
w:\ipca\1_ano\2_semestre\estruturas_de_dados_avançadas\projeto_eda_edjd\projeto_f1_joãorego\x64\debug\projeto_.10ec5d2d.tlog\cl.read.1.tlog
w:\ipca\1_ano\2_semestre\estruturas_de_dados_avançadas\projeto_eda_edjd\projeto_f1_joãorego\x64\debug\projeto_.10ec5d2d.tlog\cl.write.1.tlog
w:\ipca\1_ano\2_semestre\estruturas_de_dados_avançadas\projeto_eda_edjd\projeto_f1_joãorego\x64\debug\projeto_.10ec5d2d.tlog\link.command.1.tlog
w:\ipca\1_ano\2_semestre\estruturas_de_dados_avançadas\projeto_eda_edjd\projeto_f1_joãorego\x64\debug\projeto_.10ec5d2d.tlog\link.read.1.tlog
w:\ipca\1_ano\2_semestre\estruturas_de_dados_avançadas\projeto_eda_edjd\projeto_f1_joãorego\x64\debug\projeto_.10ec5d2d.tlog\link.write.1.tlog
